# CodeMAD Cipher Architecture Audit Ledger
# This file maintains an immutable record of all executive decisions and significant system events
# Format: [TIMESTAMP] [EVENT_TYPE] [ACTOR] [ACTION] [DETAILS]

[2025-06-29T19:15:09Z] SYSTEM_INIT ORCHESTRATOR REPOSITORY_RESTRUCTURE "Initial restructuring to Cipher Architecture - backup created at backup_20250629_191509"
[2025-06-29T19:15:09Z] GOVERNANCE SYSTEM CONSTITUTION_CREATED "Initial constitution.json created with version 1.0.0"
[2025-06-29T19:15:09Z] ARCHITECTURE SYSTEM DIRECTORY_STRUCTURE_ESTABLISHED "New directory structure implemented: agents/, architecture/, governance/, logs/, memory/, protocols/, services/"
[2025-06-29T19:25:02Z] GOVERNANCE ORCHESTRATOR PULL_REQUEST_CREATED "PR #16 created for Cipher Architecture implementation with 460 files changed, 57,906 insertions"
[2025-06-29T19:30:15Z] SYSTEM_MAINTENANCE ORCHESTRATOR MERGE_CONFLICTS_RESOLVED "Resolved file location conflicts for 9 new agents and tasks, integrated into Cipher Architecture structure"
[2025-06-29T20:00:56Z] AGENT_DIRECTORY_INITIALIZED AGENT_DIRECTORY_SERVICE Indexed 150 existing agents
[2025-06-29T20:07:34Z] DOMAIN_RESEARCH_STARTED DOMAIN_RESEARCH_ENGINE Researching domain: AI Healthcare
[2025-06-29T20:07:40Z] DOMAIN_RESEARCH_COMPLETED DOMAIN_RESEARCH_ENGINE Found 2 occupations in AI Healthcare
[2025-06-29T20:08:00Z] GAP_ANALYSIS_STARTED GAP_ANALYZER Analyzing gaps in domain: AI Healthcare
[2025-06-29T20:08:01Z] GAP_ANALYSIS_COMPLETED GAP_ANALYZER Found 0 priority gaps in AI Healthcare
[2025-06-29T20:08:59Z] GAP_ANALYSIS_STARTED GAP_ANALYZER Analyzing gaps in domain: AI Healthcare
[2025-06-29T20:08:59Z] GAP_ANALYSIS_COMPLETED GAP_ANALYZER Found 0 priority gaps in AI Healthcare
[2025-06-29T20:08:59Z] GAP_ANALYSIS_STARTED GAP_ANALYZER Analyzing gaps in domain: Renewable Energy Engineering
[2025-06-29T20:08:59Z] GAP_ANALYSIS_COMPLETED GAP_ANALYZER Found 0 priority gaps in Renewable Energy Engineering
[2025-06-29T20:16:40Z] AGENT_SYNTHESIS_STARTED AGENT_SYNTHESIS_ENGINE Synthesizing agent: AI Ethics Specialist
[2025-06-29T20:16:40Z] AGENT_VALIDATION AGENT_VALIDATOR Agent ai_ethics_specialist validation PASSED (Score: 0.940, Errors: 0)
[2025-06-29T20:16:40Z] AGENT_SYNTHESIS_COMPLETED AGENT_SYNTHESIS_ENGINE Successfully synthesized: ai_ethics_specialist
[2025-06-29T20:16:47Z] ASSET_GENERATION_STARTED ASSET_GENERATOR Generating assets for test_agent
[2025-06-29T20:16:47Z] ASSET_GENERATION_COMPLETED ASSET_GENERATOR Successfully generated assets for test_agent
[2025-06-29T20:16:54Z] AGENT_INTEGRATION_STARTED AGENT_INTEGRATION_SYSTEM Integrating agent: integration_test_agent
[2025-06-29T20:16:54Z] ASSET_GENERATION_STARTED ASSET_GENERATOR Generating assets for integration_test_agent
[2025-06-29T20:16:54Z] ASSET_GENERATION_COMPLETED ASSET_GENERATOR Successfully generated assets for integration_test_agent
[2025-06-29T20:16:54Z] SCHOOL_VALIDATION AGENT_INTEGRATION_SYSTEM Agent integration_test_agent validation score: 0.925
[2025-06-29T20:16:54Z] ORCHESTRATOR_APPROVAL AGENT_INTEGRATION_SYSTEM Agent integration_test_agent approval score: 0.838
[2025-06-29T20:16:54Z] AGENT_REGISTERED AGENT_DIRECTORY_SERVICE New agent registered: integration_test_specialist
[2025-06-29T20:16:54Z] AGENT_ACTIVATED AGENT_INTEGRATION_SYSTEM Agent integration_test_agent activated at 2025-06-29T20:16:54.212266
[2025-06-29T20:16:54Z] AGENT_INTEGRATION_COMPLETED AGENT_INTEGRATION_SYSTEM Successfully integrated agent: integration_test_agent
[2025-06-29T20:17:59Z] AGENT_SYNTHESIS_STARTED AGENT_SYNTHESIS_ENGINE Synthesizing agent: Quantum Computing Specialist
[2025-06-29T20:17:59Z] AGENT_VALIDATION AGENT_VALIDATOR Agent quantum_computing_specialist validation PASSED (Score: 0.940, Errors: 0)
[2025-06-29T20:17:59Z] AGENT_SYNTHESIS_COMPLETED AGENT_SYNTHESIS_ENGINE Successfully synthesized: quantum_computing_specialist
[2025-06-29T20:17:59Z] AGENT_VALIDATION AGENT_VALIDATOR Agent test_validator_agent validation PASSED (Score: 1.000, Errors: 0)
[2025-06-29T20:17:59Z] ASSET_GENERATION_STARTED ASSET_GENERATOR Generating assets for test_asset_agent
[2025-06-29T20:17:59Z] ASSET_GENERATION_COMPLETED ASSET_GENERATOR Successfully generated assets for test_asset_agent
[2025-06-29T20:17:59Z] AGENT_INTEGRATION_STARTED AGENT_INTEGRATION_SYSTEM Integrating agent: test_integration_agent_2
[2025-06-29T20:17:59Z] ASSET_GENERATION_STARTED ASSET_GENERATOR Generating assets for test_integration_agent_2
[2025-06-29T20:17:59Z] ASSET_GENERATION_COMPLETED ASSET_GENERATOR Successfully generated assets for test_integration_agent_2
[2025-06-29T20:17:59Z] SCHOOL_VALIDATION AGENT_INTEGRATION_SYSTEM Agent test_integration_agent_2 validation score: 0.900
[2025-06-29T20:17:59Z] ORCHESTRATOR_APPROVAL AGENT_INTEGRATION_SYSTEM Agent test_integration_agent_2 approval score: 0.838
[2025-06-29T20:17:59Z] AGENT_REGISTERED AGENT_DIRECTORY_SERVICE New agent registered: integration_test_specialist_v2
[2025-06-29T20:17:59Z] AGENT_ACTIVATED AGENT_INTEGRATION_SYSTEM Agent test_integration_agent_2 activated at 2025-06-29T20:17:59.760822
[2025-06-29T20:17:59Z] AGENT_INTEGRATION_COMPLETED AGENT_INTEGRATION_SYSTEM Successfully integrated agent: test_integration_agent_2
[2025-06-29T20:17:59Z] AGENT_SYNTHESIS_STARTED AGENT_SYNTHESIS_ENGINE Synthesizing agent: Sustainable Energy Analyst
[2025-06-29T20:17:59Z] AGENT_VALIDATION AGENT_VALIDATOR Agent sustainable_energy_analyst validation PASSED (Score: 0.940, Errors: 0)
[2025-06-29T20:17:59Z] AGENT_SYNTHESIS_COMPLETED AGENT_SYNTHESIS_ENGINE Successfully synthesized: sustainable_energy_analyst
[2025-06-29T20:17:59Z] ASSET_GENERATION_STARTED ASSET_GENERATOR Generating assets for sustainable_energy_analyst
[2025-06-29T20:17:59Z] ASSET_GENERATION_COMPLETED ASSET_GENERATOR Successfully generated assets for sustainable_energy_analyst
[2025-06-29T20:17:59Z] AGENT_INTEGRATION_STARTED AGENT_INTEGRATION_SYSTEM Integrating agent: sustainable_energy_analyst
[2025-06-29T20:17:59Z] ASSET_GENERATION_STARTED ASSET_GENERATOR Generating assets for sustainable_energy_analyst
[2025-06-29T20:17:59Z] ASSET_GENERATION_COMPLETED ASSET_GENERATOR Successfully generated assets for sustainable_energy_analyst
[2025-06-29T20:17:59Z] SCHOOL_VALIDATION AGENT_INTEGRATION_SYSTEM Agent sustainable_energy_analyst validation score: 1.000
[2025-06-29T20:17:59Z] ORCHESTRATOR_APPROVAL AGENT_INTEGRATION_SYSTEM Agent sustainable_energy_analyst approval score: 0.838
[2025-06-29T20:17:59Z] AGENT_REGISTERED AGENT_DIRECTORY_SERVICE New agent registered: sustainable_energy_analyst
[2025-06-29T20:17:59Z] AGENT_ACTIVATED AGENT_INTEGRATION_SYSTEM Agent sustainable_energy_analyst activated at 2025-06-29T20:17:59.770099
[2025-06-29T20:17:59Z] AGENT_INTEGRATION_COMPLETED AGENT_INTEGRATION_SYSTEM Successfully integrated agent: sustainable_energy_analyst
[2025-06-29T20:27:46Z] CYCLE_STARTED AUTONOMOUS_EXPANSION_PROTOCOL Expansion cycle 1 started: cycle_20250629_202746
[2025-06-29T20:27:46Z] DOMAIN_RESEARCH_STARTED DOMAIN_RESEARCH_ENGINE Researching domain: AI Healthcare
[2025-06-29T20:27:48Z] DOMAIN_RESEARCH_COMPLETED DOMAIN_RESEARCH_ENGINE Found 2 occupations in AI Healthcare
[2025-06-29T20:27:48Z] GAP_ANALYSIS_STARTED GAP_ANALYZER Analyzing gaps in domain: AI Healthcare
[2025-06-29T20:27:48Z] GAP_ANALYSIS_COMPLETED GAP_ANALYZER Found 0 priority gaps in AI Healthcare
[2025-06-29T20:27:48Z] CYCLE_REPORT_GENERATED REPORTING_SYSTEM Report generated for cycle 1
[2025-06-29T20:27:48Z] CYCLE_COMPLETED AUTONOMOUS_EXPANSION_PROTOCOL Cycle 1 completed: Success=True, Agent=None
[2025-06-29T20:28:57Z] CYCLE_STARTED AUTONOMOUS_EXPANSION_PROTOCOL Expansion cycle 1 started: cycle_20250629_202857
[2025-06-29T20:28:57Z] DOMAIN_RESEARCH_STARTED DOMAIN_RESEARCH_ENGINE Researching domain: AI Healthcare
[2025-06-29T20:29:00Z] DOMAIN_RESEARCH_COMPLETED DOMAIN_RESEARCH_ENGINE Found 2 occupations in AI Healthcare
[2025-06-29T20:29:00Z] GAP_ANALYSIS_STARTED GAP_ANALYZER Analyzing gaps in domain: AI Healthcare
[2025-06-29T20:29:00Z] GAP_ANALYSIS_COMPLETED GAP_ANALYZER Found 0 priority gaps in AI Healthcare
[2025-06-29T20:29:00Z] CYCLE_REPORT_GENERATED REPORTING_SYSTEM Report generated for cycle 1
[2025-06-29T20:29:00Z] CYCLE_COMPLETED AUTONOMOUS_EXPANSION_PROTOCOL Cycle 1 completed: Success=True, Agent=None
[2025-06-29T20:29:00Z] MONITORING_STARTED CONTROL_INTERFACE Protocol monitoring activated
[2025-06-29T20:29:00Z] ALERT_CREATED CONTROL_INTERFACE MEDIUM: Low cycle completion rate
[2025-06-29T20:29:12Z] MONITORING_STOPPED CONTROL_INTERFACE Protocol monitoring deactivated
[2025-06-29T20:29:12Z] CYCLE_STARTED AUTONOMOUS_EXPANSION_PROTOCOL Expansion cycle 1 started: cycle_20250629_202912
[2025-06-29T20:29:12Z] DOMAIN_RESEARCH_STARTED DOMAIN_RESEARCH_ENGINE Researching domain: AI Healthcare
[2025-06-29T20:29:15Z] DOMAIN_RESEARCH_COMPLETED DOMAIN_RESEARCH_ENGINE Found 2 occupations in AI Healthcare
[2025-06-29T20:29:15Z] GAP_ANALYSIS_STARTED GAP_ANALYZER Analyzing gaps in domain: AI Healthcare
[2025-06-29T20:29:15Z] GAP_ANALYSIS_COMPLETED GAP_ANALYZER Found 0 priority gaps in AI Healthcare
[2025-06-29T20:29:15Z] CYCLE_REPORT_GENERATED REPORTING_SYSTEM Report generated for cycle 1
[2025-06-29T20:29:15Z] CYCLE_COMPLETED AUTONOMOUS_EXPANSION_PROTOCOL Cycle 1 completed: Success=True, Agent=None
[2025-06-29T20:29:15Z] CYCLE_STARTED AUTONOMOUS_EXPANSION_PROTOCOL Expansion cycle 1 started: cycle_20250629_202915
[2025-06-29T20:29:15Z] DOMAIN_RESEARCH_STARTED DOMAIN_RESEARCH_ENGINE Researching domain: AI Healthcare
[2025-06-29T20:29:17Z] DOMAIN_RESEARCH_COMPLETED DOMAIN_RESEARCH_ENGINE Found 2 occupations in AI Healthcare
[2025-06-29T20:29:17Z] GAP_ANALYSIS_STARTED GAP_ANALYZER Analyzing gaps in domain: AI Healthcare
[2025-06-29T20:29:17Z] GAP_ANALYSIS_COMPLETED GAP_ANALYZER Found 0 priority gaps in AI Healthcare
[2025-06-29T20:29:17Z] CYCLE_REPORT_GENERATED REPORTING_SYSTEM Report generated for cycle 1
[2025-06-29T20:29:17Z] CYCLE_COMPLETED AUTONOMOUS_EXPANSION_PROTOCOL Cycle 1 completed: Success=True, Agent=None
[2025-06-29T20:29:17Z] CONFIG_UPDATED CONTROL_INTERFACE Configuration updated: ['test_parameter']
[2025-06-29T20:36:07Z] PROTOCOL_STARTED AUTONOMOUS_EXPANSION_PROTOCOL Autonomous expansion protocol initiated
[2025-06-29T20:36:07Z] CYCLE_STARTED AUTONOMOUS_EXPANSION_PROTOCOL Expansion cycle 1 started: cycle_20250629_203607
[2025-06-29T20:36:38Z] MONITORING_STARTED CONTROL_INTERFACE Protocol monitoring activated
[2025-06-29T20:36:38Z] ALERT_CREATED CONTROL_INTERFACE MEDIUM: Low cycle completion rate
[2025-06-29T20:37:08Z] PROTOCOL_STARTED AUTONOMOUS_EXPANSION_PROTOCOL Autonomous expansion protocol initiated
[2025-06-29T20:38:18Z] MONITORING_STARTED CONTROL_INTERFACE Protocol monitoring activated
[2025-06-29T20:38:18Z] CYCLE_STARTED AUTONOMOUS_EXPANSION_PROTOCOL Expansion cycle 1 started: cycle_20250629_203818
[2025-06-29T20:38:18Z] ALERT_CREATED CONTROL_INTERFACE MEDIUM: Low cycle completion rate
[2025-06-29T20:38:18Z] DOMAIN_RESEARCH_STARTED DOMAIN_RESEARCH_ENGINE Researching domain: AI Healthcare
[2025-06-29T20:38:21Z] DOMAIN_RESEARCH_COMPLETED DOMAIN_RESEARCH_ENGINE Found 2 occupations in AI Healthcare
[2025-06-29T20:38:21Z] GAP_ANALYSIS_STARTED GAP_ANALYZER Analyzing gaps in domain: AI Healthcare
[2025-06-29T20:38:21Z] GAP_ANALYSIS_COMPLETED GAP_ANALYZER Found 0 priority gaps in AI Healthcare
[2025-06-29T20:38:21Z] CYCLE_REPORT_GENERATED REPORTING_SYSTEM Report generated for cycle 1
[2025-06-29T20:38:21Z] CYCLE_COMPLETED AUTONOMOUS_EXPANSION_PROTOCOL Cycle 1 completed: Success=True, Agent=None
[2025-06-29T20:38:48Z] ALERT_CREATED CONTROL_INTERFACE MEDIUM: Low cycle completion rate
[2025-06-29T20:39:18Z] ALERT_CREATED CONTROL_INTERFACE MEDIUM: Low cycle completion rate
[2025-06-29T20:39:48Z] ALERT_CREATED CONTROL_INTERFACE MEDIUM: Low cycle completion rate
[2025-06-29T20:40:18Z] ALERT_CREATED CONTROL_INTERFACE MEDIUM: Low cycle completion rate
[2025-06-29T20:40:48Z] ALERT_CREATED CONTROL_INTERFACE MEDIUM: Low cycle completion rate
[2025-06-29T20:41:18Z] ALERT_CREATED CONTROL_INTERFACE MEDIUM: Low cycle completion rate
[2025-06-29T20:41:48Z] ALERT_CREATED CONTROL_INTERFACE MEDIUM: Low cycle completion rate
[2025-06-29T20:42:18Z] ALERT_CREATED CONTROL_INTERFACE MEDIUM: Low cycle completion rate
[2025-06-29T20:42:48Z] ALERT_CREATED CONTROL_INTERFACE MEDIUM: Low cycle completion rate
[2025-06-29T20:43:18Z] ALERT_CREATED CONTROL_INTERFACE MEDIUM: Low cycle completion rate
[2025-06-29T20:43:48Z] ALERT_CREATED CONTROL_INTERFACE MEDIUM: Low cycle completion rate
[2025-06-29T20:44:18Z] ALERT_CREATED CONTROL_INTERFACE MEDIUM: Low cycle completion rate
[2025-06-29T20:44:48Z] ALERT_CREATED CONTROL_INTERFACE MEDIUM: Low cycle completion rate
[2025-06-29T20:45:18Z] ALERT_CREATED CONTROL_INTERFACE MEDIUM: Low cycle completion rate
[2025-06-29T20:45:49Z] ALERT_CREATED CONTROL_INTERFACE MEDIUM: Low cycle completion rate
[2025-06-29T20:46:19Z] ALERT_CREATED CONTROL_INTERFACE MEDIUM: Low cycle completion rate
[2025-06-29T20:46:49Z] ALERT_CREATED CONTROL_INTERFACE MEDIUM: Low cycle completion rate
[2025-06-29T20:47:19Z] ALERT_CREATED CONTROL_INTERFACE MEDIUM: Low cycle completion rate
[2025-06-29T20:47:49Z] ALERT_CREATED CONTROL_INTERFACE MEDIUM: Low cycle completion rate
[2025-06-29T20:48:19Z] ALERT_CREATED CONTROL_INTERFACE MEDIUM: Low cycle completion rate
[2025-06-29T20:48:49Z] ALERT_CREATED CONTROL_INTERFACE MEDIUM: Low cycle completion rate
[2025-06-29T20:49:19Z] ALERT_CREATED CONTROL_INTERFACE MEDIUM: Low cycle completion rate
[2025-06-29T20:49:49Z] ALERT_CREATED CONTROL_INTERFACE MEDIUM: Low cycle completion rate
[2025-06-29T20:50:19Z] ALERT_CREATED CONTROL_INTERFACE MEDIUM: Low cycle completion rate
[2025-06-29T20:50:49Z] ALERT_CREATED CONTROL_INTERFACE MEDIUM: Low cycle completion rate
[2025-06-29T20:51:19Z] ALERT_CREATED CONTROL_INTERFACE MEDIUM: Low cycle completion rate
[2025-06-29T20:51:49Z] ALERT_CREATED CONTROL_INTERFACE MEDIUM: Low cycle completion rate
[2025-06-29T20:52:19Z] ALERT_CREATED CONTROL_INTERFACE MEDIUM: Low cycle completion rate
[2025-06-29T20:52:49Z] ALERT_CREATED CONTROL_INTERFACE MEDIUM: Low cycle completion rate
[2025-06-29T20:53:19Z] ALERT_CREATED CONTROL_INTERFACE MEDIUM: Low cycle completion rate
[2025-06-29T20:53:49Z] ALERT_CREATED CONTROL_INTERFACE MEDIUM: Low cycle completion rate
[2025-06-29T20:54:19Z] ALERT_CREATED CONTROL_INTERFACE MEDIUM: Low cycle completion rate
[2025-06-29T20:54:49Z] ALERT_CREATED CONTROL_INTERFACE MEDIUM: Low cycle completion rate
[2025-06-29T20:55:19Z] ALERT_CREATED CONTROL_INTERFACE MEDIUM: Low cycle completion rate
[2025-06-29T20:55:49Z] ALERT_CREATED CONTROL_INTERFACE MEDIUM: Low cycle completion rate
[2025-06-29T20:56:19Z] ALERT_CREATED CONTROL_INTERFACE MEDIUM: Low cycle completion rate
[2025-06-29T20:56:49Z] ALERT_CREATED CONTROL_INTERFACE MEDIUM: Low cycle completion rate
[2025-06-29T20:57:19Z] ALERT_CREATED CONTROL_INTERFACE MEDIUM: Low cycle completion rate
[2025-06-29T20:57:49Z] ALERT_CREATED CONTROL_INTERFACE MEDIUM: Low cycle completion rate
[2025-06-29T20:58:19Z] ALERT_CREATED CONTROL_INTERFACE MEDIUM: Low cycle completion rate
[2025-06-29T20:58:49Z] ALERT_CREATED CONTROL_INTERFACE MEDIUM: Low cycle completion rate
[2025-06-29T20:59:19Z] ALERT_CREATED CONTROL_INTERFACE MEDIUM: Low cycle completion rate
[2025-06-29T20:59:49Z] ALERT_CREATED CONTROL_INTERFACE MEDIUM: Low cycle completion rate
[2025-06-29T21:00:19Z] ALERT_CREATED CONTROL_INTERFACE MEDIUM: Low cycle completion rate
[2025-06-29T21:00:49Z] ALERT_CREATED CONTROL_INTERFACE MEDIUM: Low cycle completion rate
[2025-06-29T22:46:53Z] CYCLE_STARTED AUTONOMOUS_EXPANSION_PROTOCOL Expansion cycle 1 started: cycle_20250629_224653
[2025-06-29T22:46:53Z] DOMAIN_RESEARCH_STARTED DOMAIN_RESEARCH_ENGINE Researching domain: AI Healthcare
[2025-06-29T22:46:56Z] DOMAIN_RESEARCH_COMPLETED DOMAIN_RESEARCH_ENGINE Found 2 occupations in AI Healthcare
[2025-06-29T22:46:56Z] GAP_ANALYSIS_STARTED GAP_ANALYZER Analyzing gaps in domain: AI Healthcare
[2025-06-29T22:46:56Z] GAP_ANALYSIS_COMPLETED GAP_ANALYZER Found 0 priority gaps in AI Healthcare
[2025-06-29T22:46:56Z] CYCLE_REPORT_GENERATED REPORTING_SYSTEM Report generated for cycle 1
[2025-06-29T22:46:56Z] CYCLE_COMPLETED AUTONOMOUS_EXPANSION_PROTOCOL Cycle 1 completed: Success=True, Agent=None
